<?xml version="1.0" encoding="UTF-8"?>
<!-- Generated by org.testng.reporters.JUnitReportReporter -->
<testsuite hostname="papi-MS-7C56" failures="0" tests="1" name="tests.HomePageTest" time="3.088" errors="0" timestamp="2023-11-12T20:58:37 CET" skipped="0">
  <testcase classname="tests.HomePageTest" name="testHomePage" time="3.088"/>
</testsuite> <!-- tests.HomePageTest -->
